{"C:\\Users\\Felipe\\Desktop\\AppDevilz\\app.js": {"path":"C:\\Users\\Felipe\\Desktop\\AppDevilz\\app.js","statementMap":{"0":{"start":{"line":9,"column":22},"end":{"line":22,"column":1}},"1":{"start":{"line":10,"column":4},"end":{"line":10,"column":14}},"2":{"start":{"line":11,"column":16},"end":{"line":11,"column":25}},"3":{"start":{"line":13,"column":4},"end":{"line":13,"column":20}},"4":{"start":{"line":15,"column":4},"end":{"line":15,"column":28}},"5":{"start":{"line":17,"column":4},"end":{"line":17,"column":26}},"6":{"start":{"line":19,"column":4},"end":{"line":19,"column":25}},"7":{"start":{"line":21,"column":4},"end":{"line":21,"column":15}},"8":{"start":{"line":24,"column":19},"end":{"line":24,"column":34}}},"fnMap":{"0":{"name":"(anonymous_0)","decl":{"start":{"line":9,"column":22},"end":{"line":9,"column":23}},"loc":{"start":{"line":9,"column":28},"end":{"line":22,"column":1}},"line":9}},"branchMap":{},"s":{"0":1,"1":1,"2":1,"3":1,"4":1,"5":1,"6":1,"7":1,"8":1},"f":{"0":1},"b":{},"inputSourceMap":null,"_coverageSchema":"1a1c01bbd47fc00a2c39e90264f33305004495a9","hash":"b9f476e3bb1c7acb0b4dafc74158f6988557254e"}
,"C:\\Users\\Felipe\\Desktop\\AppDevilz\\src\\routes.js": {"path":"C:\\Users\\Felipe\\Desktop\\AppDevilz\\src\\routes.js","statementMap":{"0":{"start":{"line":6,"column":15},"end":{"line":6,"column":23}},"1":{"start":{"line":9,"column":0},"end":{"line":9,"column":63}},"2":{"start":{"line":9,"column":42},"end":{"line":9,"column":61}},"3":{"start":{"line":12,"column":0},"end":{"line":12,"column":31}},"4":{"start":{"line":14,"column":0},"end":{"line":14,"column":42}}},"fnMap":{"0":{"name":"(anonymous_0)","decl":{"start":{"line":9,"column":27},"end":{"line":9,"column":28}},"loc":{"start":{"line":9,"column":41},"end":{"line":9,"column":62}},"line":9}},"branchMap":{},"s":{"0":1,"1":1,"2":0,"3":1,"4":1},"f":{"0":0},"b":{},"inputSourceMap":null,"_coverageSchema":"1a1c01bbd47fc00a2c39e90264f33305004495a9","hash":"010ca1758764fd7090e6ca48564bac6d7a06569b"}
,"C:\\Users\\Felipe\\Desktop\\AppDevilz\\src\\controllers\\formation.controllers.js": {"path":"C:\\Users\\Felipe\\Desktop\\AppDevilz\\src\\controllers\\formation.controllers.js","statementMap":{"0":{"start":{"line":5,"column":28},"end":{"line":19,"column":1}},"1":{"start":{"line":7,"column":40},"end":{"line":7,"column":48}},"2":{"start":{"line":9,"column":8},"end":{"line":16,"column":9}},"3":{"start":{"line":10,"column":33},"end":{"line":10,"column":95}},"4":{"start":{"line":12,"column":12},"end":{"line":12,"column":51}},"5":{"start":{"line":15,"column":12},"end":{"line":15,"column":57}}},"fnMap":{"0":{"name":"(anonymous_0)","decl":{"start":{"line":6,"column":9},"end":{"line":6,"column":10}},"loc":{"start":{"line":6,"column":29},"end":{"line":18,"column":2}},"line":6}},"branchMap":{},"s":{"0":1,"1":0,"2":0,"3":0,"4":0,"5":0},"f":{"0":0},"b":{},"inputSourceMap":null,"_coverageSchema":"1a1c01bbd47fc00a2c39e90264f33305004495a9","hash":"a68d1fbfbb5992b7a225989bb828a62921d9949e"}
,"C:\\Users\\Felipe\\Desktop\\AppDevilz\\src\\controllers\\user.controllers.js": {"path":"C:\\Users\\Felipe\\Desktop\\AppDevilz\\src\\controllers\\user.controllers.js","statementMap":{"0":{"start":{"line":10,"column":24},"end":{"line":67,"column":1}},"1":{"start":{"line":12,"column":2},"end":{"line":37,"column":3}},"2":{"start":{"line":13,"column":37},"end":{"line":13,"column":52}},"3":{"start":{"line":15,"column":3},"end":{"line":15,"column":44}},"4":{"start":{"line":17,"column":22},"end":{"line":17,"column":59}},"5":{"start":{"line":19,"column":3},"end":{"line":19,"column":62}},"6":{"start":{"line":21,"column":26},"end":{"line":21,"column":57}},"7":{"start":{"line":23,"column":16},"end":{"line":23,"column":57}},"8":{"start":{"line":25,"column":19},"end":{"line":25,"column":50}},"9":{"start":{"line":27,"column":23},"end":{"line":27,"column":60}},"10":{"start":{"line":29,"column":23},"end":{"line":32,"column":4}},"11":{"start":{"line":34,"column":3},"end":{"line":34,"column":48}},"12":{"start":{"line":36,"column":3},"end":{"line":36,"column":44}},"13":{"start":{"line":41,"column":2},"end":{"line":65,"column":3}},"14":{"start":{"line":42,"column":31},"end":{"line":42,"column":46}},"15":{"start":{"line":44,"column":3},"end":{"line":44,"column":38}},"16":{"start":{"line":46,"column":22},"end":{"line":46,"column":59}},"17":{"start":{"line":48,"column":3},"end":{"line":48,"column":74}},"18":{"start":{"line":50,"column":27},"end":{"line":50,"column":77}},"19":{"start":{"line":52,"column":3},"end":{"line":52,"column":79}},"20":{"start":{"line":54,"column":19},"end":{"line":58,"column":4}},"21":{"start":{"line":60,"column":17},"end":{"line":60,"column":45}},"22":{"start":{"line":62,"column":3},"end":{"line":62,"column":42}},"23":{"start":{"line":64,"column":3},"end":{"line":64,"column":36}}},"fnMap":{"0":{"name":"(anonymous_0)","decl":{"start":{"line":11,"column":9},"end":{"line":11,"column":10}},"loc":{"start":{"line":11,"column":29},"end":{"line":38,"column":2}},"line":11},"1":{"name":"(anonymous_1)","decl":{"start":{"line":40,"column":8},"end":{"line":40,"column":9}},"loc":{"start":{"line":40,"column":28},"end":{"line":66,"column":2}},"line":40}},"branchMap":{},"s":{"0":1,"1":5,"2":5,"3":5,"4":2,"5":2,"6":1,"7":1,"8":1,"9":1,"10":1,"11":1,"12":4,"13":5,"14":5,"15":5,"16":3,"17":3,"18":2,"19":2,"20":1,"21":1,"22":1,"23":4},"f":{"0":5,"1":5},"b":{},"inputSourceMap":null,"_coverageSchema":"1a1c01bbd47fc00a2c39e90264f33305004495a9","hash":"ac0643ee14f3f31f48ec1e15c0db37da2629c804"}
,"C:\\Users\\Felipe\\Desktop\\AppDevilz\\src\\controllers\\helperFunctions\\generalFunctions\\errorHandlingFunction.js": {"path":"C:\\Users\\Felipe\\Desktop\\AppDevilz\\src\\controllers\\helperFunctions\\generalFunctions\\errorHandlingFunction.js","statementMap":{"0":{"start":{"line":2,"column":27},"end":{"line":7,"column":1}},"1":{"start":{"line":3,"column":2},"end":{"line":6,"column":34}}},"fnMap":{"0":{"name":"(anonymous_0)","decl":{"start":{"line":2,"column":27},"end":{"line":2,"column":28}},"loc":{"start":{"line":2,"column":57},"end":{"line":7,"column":1}},"line":2}},"branchMap":{"0":{"loc":{"start":{"line":4,"column":10},"end":{"line":4,"column":29}},"type":"binary-expr","locations":[{"start":{"line":4,"column":10},"end":{"line":4,"column":22}},{"start":{"line":4,"column":26},"end":{"line":4,"column":29}}],"line":4}},"s":{"0":1,"1":8},"f":{"0":8},"b":{"0":[8,0]},"inputSourceMap":null,"_coverageSchema":"1a1c01bbd47fc00a2c39e90264f33305004495a9","hash":"b865254a1a3487346680701d4e4f1b6457d79caa"}
,"C:\\Users\\Felipe\\Desktop\\AppDevilz\\src\\controllers\\helperFunctions\\userHelpers\\generateToken.js": {"path":"C:\\Users\\Felipe\\Desktop\\AppDevilz\\src\\controllers\\helperFunctions\\userHelpers\\generateToken.js","statementMap":{"0":{"start":{"line":3,"column":29},"end":{"line":9,"column":1}},"1":{"start":{"line":5,"column":19},"end":{"line":5,"column":80}},"2":{"start":{"line":7,"column":2},"end":{"line":7,"column":17}}},"fnMap":{"0":{"name":"(anonymous_0)","decl":{"start":{"line":3,"column":29},"end":{"line":3,"column":30}},"loc":{"start":{"line":3,"column":48},"end":{"line":9,"column":1}},"line":3}},"branchMap":{},"s":{"0":1,"1":1,"2":1},"f":{"0":1},"b":{},"inputSourceMap":null,"_coverageSchema":"1a1c01bbd47fc00a2c39e90264f33305004495a9","hash":"baec805b72fa90b7e02ded460645f280c5daf4b2"}
,"C:\\Users\\Felipe\\Desktop\\AppDevilz\\src\\controllers\\helperFunctions\\userHelpers\\passwordHandlers.js": {"path":"C:\\Users\\Felipe\\Desktop\\AppDevilz\\src\\controllers\\helperFunctions\\userHelpers\\passwordHandlers.js","statementMap":{"0":{"start":{"line":3,"column":31},"end":{"line":10,"column":1}},"1":{"start":{"line":5,"column":15},"end":{"line":5,"column":39}},"2":{"start":{"line":7,"column":17},"end":{"line":7,"column":50}},"3":{"start":{"line":9,"column":2},"end":{"line":9,"column":15}},"4":{"start":{"line":12,"column":29},"end":{"line":18,"column":1}},"5":{"start":{"line":14,"column":26},"end":{"line":14,"column":72}},"6":{"start":{"line":16,"column":2},"end":{"line":16,"column":24}}},"fnMap":{"0":{"name":"(anonymous_0)","decl":{"start":{"line":3,"column":31},"end":{"line":3,"column":32}},"loc":{"start":{"line":3,"column":51},"end":{"line":10,"column":1}},"line":3},"1":{"name":"(anonymous_1)","decl":{"start":{"line":12,"column":29},"end":{"line":12,"column":30}},"loc":{"start":{"line":12,"column":65},"end":{"line":18,"column":1}},"line":12}},"branchMap":{},"s":{"0":1,"1":2,"2":2,"3":2,"4":1,"5":2,"6":2},"f":{"0":2,"1":2},"b":{},"inputSourceMap":null,"_coverageSchema":"1a1c01bbd47fc00a2c39e90264f33305004495a9","hash":"f5dc38fae01d1eea5fa27e7036f2f86ae0595f95"}
,"C:\\Users\\Felipe\\Desktop\\AppDevilz\\src\\controllers\\helperFunctions\\userHelpers\\userReq.js": {"path":"C:\\Users\\Felipe\\Desktop\\AppDevilz\\src\\controllers\\helperFunctions\\userHelpers\\userReq.js","statementMap":{"0":{"start":{"line":2,"column":26},"end":{"line":14,"column":1}},"1":{"start":{"line":3,"column":20},"end":{"line":11,"column":5}},"2":{"start":{"line":13,"column":4},"end":{"line":13,"column":18}}},"fnMap":{"0":{"name":"(anonymous_0)","decl":{"start":{"line":2,"column":26},"end":{"line":2,"column":27}},"loc":{"start":{"line":2,"column":40},"end":{"line":14,"column":1}},"line":2}},"branchMap":{},"s":{"0":1,"1":10,"2":10},"f":{"0":10},"b":{},"inputSourceMap":null,"_coverageSchema":"1a1c01bbd47fc00a2c39e90264f33305004495a9","hash":"cefb5c392cc39e94565acba7a734ca224a00757e"}
,"C:\\Users\\Felipe\\Desktop\\AppDevilz\\src\\controllers\\helperFunctions\\userHelpers\\validateCredentials.js": {"path":"C:\\Users\\Felipe\\Desktop\\AppDevilz\\src\\controllers\\helperFunctions\\userHelpers\\validateCredentials.js","statementMap":{"0":{"start":{"line":1,"column":34},"end":{"line":15,"column":1}},"1":{"start":{"line":3,"column":2},"end":{"line":13,"column":3}},"2":{"start":{"line":5,"column":20},"end":{"line":5,"column":29}},"3":{"start":{"line":7,"column":6},"end":{"line":7,"column":30}},"4":{"start":{"line":9,"column":6},"end":{"line":9,"column":34}},"5":{"start":{"line":11,"column":6},"end":{"line":11,"column":17}}},"fnMap":{"0":{"name":"(anonymous_0)","decl":{"start":{"line":1,"column":34},"end":{"line":1,"column":35}},"loc":{"start":{"line":1,"column":75},"end":{"line":15,"column":1}},"line":1}},"branchMap":{"0":{"loc":{"start":{"line":3,"column":2},"end":{"line":13,"column":3}},"type":"if","locations":[{"start":{"line":3,"column":2},"end":{"line":13,"column":3}},{"start":{},"end":{}}],"line":3}},"s":{"0":1,"1":7,"2":3,"3":3,"4":3,"5":3},"f":{"0":7},"b":{"0":[3,4]},"inputSourceMap":null,"_coverageSchema":"1a1c01bbd47fc00a2c39e90264f33305004495a9","hash":"0dde0c8c187db0eed37df4da3d1cd25128a1cd30"}
,"C:\\Users\\Felipe\\Desktop\\AppDevilz\\src\\controllers\\helperFunctions\\userHelpers\\validateUserInput.js": {"path":"C:\\Users\\Felipe\\Desktop\\AppDevilz\\src\\controllers\\helperFunctions\\userHelpers\\validateUserInput.js","statementMap":{"0":{"start":{"line":2,"column":33},"end":{"line":18,"column":1}},"1":{"start":{"line":4,"column":2},"end":{"line":4,"column":59}},"2":{"start":{"line":6,"column":2},"end":{"line":16,"column":3}},"3":{"start":{"line":8,"column":20},"end":{"line":8,"column":29}},"4":{"start":{"line":10,"column":6},"end":{"line":10,"column":24}},"5":{"start":{"line":12,"column":6},"end":{"line":12,"column":47}},"6":{"start":{"line":14,"column":6},"end":{"line":14,"column":17}}},"fnMap":{"0":{"name":"(anonymous_0)","decl":{"start":{"line":2,"column":33},"end":{"line":2,"column":34}},"loc":{"start":{"line":2,"column":60},"end":{"line":18,"column":1}},"line":2}},"branchMap":{"0":{"loc":{"start":{"line":4,"column":9},"end":{"line":4,"column":59}},"type":"cond-expr","locations":[{"start":{"line":4,"column":41},"end":{"line":4,"column":45}},{"start":{"line":4,"column":48},"end":{"line":4,"column":59}}],"line":4},"1":{"loc":{"start":{"line":6,"column":2},"end":{"line":16,"column":3}},"type":"if","locations":[{"start":{"line":6,"column":2},"end":{"line":16,"column":3}},{"start":{},"end":{}}],"line":6},"2":{"loc":{"start":{"line":6,"column":6},"end":{"line":6,"column":52}},"type":"binary-expr","locations":[{"start":{"line":6,"column":6},"end":{"line":6,"column":17}},{"start":{"line":6,"column":21},"end":{"line":6,"column":33}},{"start":{"line":6,"column":37},"end":{"line":6,"column":52}}],"line":6}},"s":{"0":1,"1":10,"2":10,"3":5,"4":5,"5":5,"6":5},"f":{"0":10},"b":{"0":[5,5],"1":[5,5],"2":[10,9,7]},"inputSourceMap":null,"_coverageSchema":"1a1c01bbd47fc00a2c39e90264f33305004495a9","hash":"b7bf921793787c3acd130a7d64acc8994235bedd"}
,"C:\\Users\\Felipe\\Desktop\\AppDevilz\\src\\database\\dbConnect.js": {"path":"C:\\Users\\Felipe\\Desktop\\AppDevilz\\src\\database\\dbConnect.js","statementMap":{"0":{"start":{"line":4,"column":23},"end":{"line":7,"column":1}},"1":{"start":{"line":5,"column":23},"end":{"line":5,"column":68}},"2":{"start":{"line":6,"column":1},"end":{"line":6,"column":72}},"3":{"start":{"line":9,"column":26},"end":{"line":12,"column":1}},"4":{"start":{"line":10,"column":1},"end":{"line":10,"column":45}},"5":{"start":{"line":11,"column":1},"end":{"line":11,"column":29}}},"fnMap":{"0":{"name":"(anonymous_0)","decl":{"start":{"line":4,"column":23},"end":{"line":4,"column":24}},"loc":{"start":{"line":4,"column":35},"end":{"line":7,"column":1}},"line":4},"1":{"name":"(anonymous_1)","decl":{"start":{"line":9,"column":26},"end":{"line":9,"column":27}},"loc":{"start":{"line":9,"column":38},"end":{"line":12,"column":1}},"line":9}},"branchMap":{},"s":{"0":1,"1":2,"2":2,"3":1,"4":1,"5":1},"f":{"0":2,"1":1},"b":{},"inputSourceMap":null,"_coverageSchema":"1a1c01bbd47fc00a2c39e90264f33305004495a9","hash":"63a1871f145ee32da86d1a79279a1e4978732652"}
,"C:\\Users\\Felipe\\Desktop\\AppDevilz\\src\\database\\models\\Formation.model.js": {"path":"C:\\Users\\Felipe\\Desktop\\AppDevilz\\src\\database\\models\\Formation.model.js","statementMap":{"0":{"start":{"line":3,"column":26},"end":{"line":3,"column":34}},"1":{"start":{"line":5,"column":24},"end":{"line":22,"column":1}}},"fnMap":{},"branchMap":{},"s":{"0":1,"1":1},"f":{},"b":{},"inputSourceMap":null,"_coverageSchema":"1a1c01bbd47fc00a2c39e90264f33305004495a9","hash":"d94ce3f8ad069f475e9f41dea7c9aad4ac58c52a"}
,"C:\\Users\\Felipe\\Desktop\\AppDevilz\\src\\database\\models\\User.model.js": {"path":"C:\\Users\\Felipe\\Desktop\\AppDevilz\\src\\database\\models\\User.model.js","statementMap":{"0":{"start":{"line":3,"column":19},"end":{"line":44,"column":1}}},"fnMap":{},"branchMap":{},"s":{"0":1},"f":{},"b":{},"inputSourceMap":null,"_coverageSchema":"1a1c01bbd47fc00a2c39e90264f33305004495a9","hash":"edae2dbed9d0e5c3e40c9709298045d329c9c598"}
,"C:\\Users\\Felipe\\Desktop\\AppDevilz\\src\\database\\services\\formations.service.js": {"path":"C:\\Users\\Felipe\\Desktop\\AppDevilz\\src\\database\\services\\formations.service.js","statementMap":{"0":{"start":{"line":3,"column":23},"end":{"line":10,"column":1}},"1":{"start":{"line":6,"column":25},"end":{"line":6,"column":63}},"2":{"start":{"line":8,"column":8},"end":{"line":8,"column":23}}},"fnMap":{"0":{"name":"(anonymous_0)","decl":{"start":{"line":4,"column":21},"end":{"line":4,"column":22}},"loc":{"start":{"line":4,"column":47},"end":{"line":9,"column":5}},"line":4}},"branchMap":{},"s":{"0":1,"1":0,"2":0},"f":{"0":0},"b":{},"inputSourceMap":null,"_coverageSchema":"1a1c01bbd47fc00a2c39e90264f33305004495a9","hash":"415acf862c889ee87a2326f3d757104178de59e4"}
,"C:\\Users\\Felipe\\Desktop\\AppDevilz\\src\\database\\services\\user.service.js": {"path":"C:\\Users\\Felipe\\Desktop\\AppDevilz\\src\\database\\services\\user.service.js","statementMap":{"0":{"start":{"line":3,"column":18},"end":{"line":26,"column":1}},"1":{"start":{"line":6,"column":25},"end":{"line":6,"column":48}},"2":{"start":{"line":8,"column":8},"end":{"line":8,"column":23}},"3":{"start":{"line":14,"column":25},"end":{"line":14,"column":50}},"4":{"start":{"line":16,"column":8},"end":{"line":16,"column":23}},"5":{"start":{"line":20,"column":8},"end":{"line":20,"column":26}},"6":{"start":{"line":21,"column":25},"end":{"line":21,"column":52}},"7":{"start":{"line":23,"column":8},"end":{"line":23,"column":23}}},"fnMap":{"0":{"name":"(anonymous_0)","decl":{"start":{"line":4,"column":16},"end":{"line":4,"column":17}},"loc":{"start":{"line":4,"column":34},"end":{"line":10,"column":5}},"line":4},"1":{"name":"(anonymous_1)","decl":{"start":{"line":12,"column":21},"end":{"line":12,"column":22}},"loc":{"start":{"line":12,"column":38},"end":{"line":17,"column":5}},"line":12},"2":{"name":"(anonymous_2)","decl":{"start":{"line":19,"column":23},"end":{"line":19,"column":24}},"loc":{"start":{"line":19,"column":40},"end":{"line":24,"column":5}},"line":19}},"branchMap":{},"s":{"0":1,"1":2,"2":2,"3":6,"4":6,"5":2,"6":2,"7":2},"f":{"0":2,"1":6,"2":2},"b":{},"inputSourceMap":null,"_coverageSchema":"1a1c01bbd47fc00a2c39e90264f33305004495a9","hash":"84faaef38b19f8f5abc057f57c2c5e600e2ddffe"}
,"C:\\Users\\Felipe\\Desktop\\AppDevilz\\src\\routes\\auth.routes.js": {"path":"C:\\Users\\Felipe\\Desktop\\AppDevilz\\src\\routes\\auth.routes.js","statementMap":{"0":{"start":{"line":4,"column":15},"end":{"line":4,"column":23}},"1":{"start":{"line":6,"column":0},"end":{"line":6,"column":46}},"2":{"start":{"line":7,"column":0},"end":{"line":7,"column":44}}},"fnMap":{},"branchMap":{},"s":{"0":1,"1":1,"2":1},"f":{},"b":{},"inputSourceMap":null,"_coverageSchema":"1a1c01bbd47fc00a2c39e90264f33305004495a9","hash":"e51ff00e9e99d236e02fef3b07ff35471a2c3423"}
,"C:\\Users\\Felipe\\Desktop\\AppDevilz\\src\\routes\\formation.routes.js": {"path":"C:\\Users\\Felipe\\Desktop\\AppDevilz\\src\\routes\\formation.routes.js","statementMap":{"0":{"start":{"line":5,"column":15},"end":{"line":5,"column":23}},"1":{"start":{"line":7,"column":0},"end":{"line":7,"column":50}}},"fnMap":{},"branchMap":{},"s":{"0":1,"1":1},"f":{},"b":{},"inputSourceMap":null,"_coverageSchema":"1a1c01bbd47fc00a2c39e90264f33305004495a9","hash":"486eb9e6140cfc4be592c91cb1f5ef8149c8e537"}
,"C:\\Users\\Felipe\\Desktop\\AppDevilz\\src\\utils\\logger.js": {"path":"C:\\Users\\Felipe\\Desktop\\AppDevilz\\src\\utils\\logger.js","statementMap":{"0":{"start":{"line":4,"column":12},"end":{"line":12,"column":2}},"1":{"start":{"line":11,"column":21},"end":{"line":11,"column":52}}},"fnMap":{"0":{"name":"(anonymous_0)","decl":{"start":{"line":11,"column":15},"end":{"line":11,"column":16}},"loc":{"start":{"line":11,"column":21},"end":{"line":11,"column":52}},"line":11}},"branchMap":{},"s":{"0":1,"1":3},"f":{"0":3},"b":{},"inputSourceMap":null,"_coverageSchema":"1a1c01bbd47fc00a2c39e90264f33305004495a9","hash":"743bad23d82d14b2863be1cd29c1e2bceafc2675"}
}
