TN:
SF:app.js
FN:9,(anonymous_0)
FNF:1
FNH:1
FNDA:1,(anonymous_0)
DA:9,1
DA:10,1
DA:11,1
DA:13,1
DA:15,1
DA:17,1
DA:19,1
DA:21,1
DA:24,1
LF:9
LH:9
BRF:0
BRH:0
end_of_record
TN:
SF:src\routes.js
FN:9,(anonymous_0)
FNF:1
FNH:0
FNDA:0,(anonymous_0)
DA:6,1
DA:9,1
DA:12,1
DA:14,1
LF:4
LH:4
BRF:0
BRH:0
end_of_record
TN:
SF:src\controllers\formation.controllers.js
FN:6,(anonymous_0)
FNF:1
FNH:0
FNDA:0,(anonymous_0)
DA:5,1
DA:7,0
DA:9,0
DA:10,0
DA:12,0
DA:15,0
LF:6
LH:1
BRF:0
BRH:0
end_of_record
TN:
SF:src\controllers\user.controllers.js
FN:11,(anonymous_0)
FN:40,(anonymous_1)
FNF:2
FNH:2
FNDA:5,(anonymous_0)
FNDA:5,(anonymous_1)
DA:10,1
DA:12,5
DA:13,5
DA:15,5
DA:17,2
DA:19,2
DA:21,1
DA:23,1
DA:25,1
DA:27,1
DA:29,1
DA:34,1
DA:36,4
DA:41,5
DA:42,5
DA:44,5
DA:46,3
DA:48,3
DA:50,2
DA:52,2
DA:54,1
DA:60,1
DA:62,1
DA:64,4
LF:24
LH:24
BRF:0
BRH:0
end_of_record
TN:
SF:src\controllers\helperFunctions\generalFunctions\errorHandlingFunction.js
FN:2,(anonymous_0)
FNF:1
FNH:1
FNDA:8,(anonymous_0)
DA:2,1
DA:3,8
LF:2
LH:2
BRDA:4,0,0,8
BRDA:4,0,1,0
BRF:2
BRH:1
end_of_record
TN:
SF:src\controllers\helperFunctions\userHelpers\generateToken.js
FN:3,(anonymous_0)
FNF:1
FNH:1
FNDA:1,(anonymous_0)
DA:3,1
DA:5,1
DA:7,1
LF:3
LH:3
BRF:0
BRH:0
end_of_record
TN:
SF:src\controllers\helperFunctions\userHelpers\passwordHandlers.js
FN:3,(anonymous_0)
FN:12,(anonymous_1)
FNF:2
FNH:2
FNDA:2,(anonymous_0)
FNDA:2,(anonymous_1)
DA:3,1
DA:5,2
DA:7,2
DA:9,2
DA:12,1
DA:14,2
DA:16,2
LF:7
LH:7
BRF:0
BRH:0
end_of_record
TN:
SF:src\controllers\helperFunctions\userHelpers\userReq.js
FN:2,(anonymous_0)
FNF:1
FNH:1
FNDA:10,(anonymous_0)
DA:2,1
DA:3,10
DA:13,10
LF:3
LH:3
BRF:0
BRH:0
end_of_record
TN:
SF:src\controllers\helperFunctions\userHelpers\validateCredentials.js
FN:1,(anonymous_0)
FNF:1
FNH:1
FNDA:7,(anonymous_0)
DA:1,1
DA:3,7
DA:5,3
DA:7,3
DA:9,3
DA:11,3
LF:6
LH:6
BRDA:3,0,0,3
BRDA:3,0,1,4
BRF:2
BRH:2
end_of_record
TN:
SF:src\controllers\helperFunctions\userHelpers\validateUserInput.js
FN:2,(anonymous_0)
FNF:1
FNH:1
FNDA:10,(anonymous_0)
DA:2,1
DA:4,10
DA:6,10
DA:8,5
DA:10,5
DA:12,5
DA:14,5
LF:7
LH:7
BRDA:4,0,0,5
BRDA:4,0,1,5
BRDA:6,1,0,5
BRDA:6,1,1,5
BRDA:6,2,0,10
BRDA:6,2,1,9
BRDA:6,2,2,7
BRF:7
BRH:7
end_of_record
TN:
SF:src\database\dbConnect.js
FN:4,(anonymous_0)
FN:9,(anonymous_1)
FNF:2
FNH:2
FNDA:2,(anonymous_0)
FNDA:1,(anonymous_1)
DA:4,1
DA:5,2
DA:6,2
DA:9,1
DA:10,1
DA:11,1
LF:6
LH:6
BRF:0
BRH:0
end_of_record
TN:
SF:src\database\models\Formation.model.js
FNF:0
FNH:0
DA:3,1
DA:5,1
LF:2
LH:2
BRF:0
BRH:0
end_of_record
TN:
SF:src\database\models\User.model.js
FNF:0
FNH:0
DA:3,1
LF:1
LH:1
BRF:0
BRH:0
end_of_record
TN:
SF:src\database\services\formations.service.js
FN:4,(anonymous_0)
FNF:1
FNH:0
FNDA:0,(anonymous_0)
DA:3,1
DA:6,0
DA:8,0
LF:3
LH:1
BRF:0
BRH:0
end_of_record
TN:
SF:src\database\services\user.service.js
FN:4,(anonymous_0)
FN:12,(anonymous_1)
FN:19,(anonymous_2)
FNF:3
FNH:3
FNDA:2,(anonymous_0)
FNDA:6,(anonymous_1)
FNDA:2,(anonymous_2)
DA:3,1
DA:6,2
DA:8,2
DA:14,6
DA:16,6
DA:20,2
DA:21,2
DA:23,2
LF:8
LH:8
BRF:0
BRH:0
end_of_record
TN:
SF:src\routes\auth.routes.js
FNF:0
FNH:0
DA:4,1
DA:6,1
DA:7,1
LF:3
LH:3
BRF:0
BRH:0
end_of_record
TN:
SF:src\routes\formation.routes.js
FNF:0
FNH:0
DA:5,1
DA:7,1
LF:2
LH:2
BRF:0
BRH:0
end_of_record
TN:
SF:src\utils\logger.js
FN:11,(anonymous_0)
FNF:1
FNH:1
FNDA:3,(anonymous_0)
DA:4,1
DA:11,3
LF:2
LH:2
BRF:0
BRH:0
end_of_record
